<?xml version="1.0" encoding="UTF-8"?>
<testsuite xmlns:xsi="http://www.w3.org/2001/XMLSchema-instance" xsi:noNamespaceSchemaLocation="https://maven.apache.org/surefire/maven-surefire-plugin/xsd/surefire-test-report.xsd" name="TestSuite" time="188.267" tests="1" errors="0" skipped="0" failures="1">
  <properties>
[...]
</properties>
  <testcase name="verifyTRChapterList" classname="app.tests.TutorialRepublicTest" time="174.92">
    <failure message="Something went wrong. Chapter links are not working properly" type="java.lang.AssertionError">java.lang.AssertionError: Something went wrong. Chapter links are not working properly
	at app.tests.TutorialRepublicTest.verifyTRChapterList(TutorialRepublicTest.java:61)
</failure>
    <system-out><![CDATA[10:46:51.758 [main] INFO  automation.utilities.SeleniumUtils - Getting elements from listBy.xpath: //div[@class='chapters']//a
href:https://www.tutorialrepublic.com/php-reference/php-file-system-functions.php -> chapter Name:PHP File System Functions
href:https://www.tutorialrepublic.com/javascript-examples.php -> chapter Name:JavaScript Examples
href:https://www.tutorialrepublic.com/html-reference/http-status-codes.php -> chapter Name:HTTP Status Codes
href:https://www.tutorialrepublic.com/css-reference/css-at-rules.php -> chapter Name:CSS At-rules
href:https://www.tutorialrepublic.com/php-reference/php-filters.php -> chapter Name:PHP Filters
href:https://www.tutorialrepublic.com/jquery-tutorial/ -> chapter Name:jQuery Tutorial
href:https://www.tutorialrepublic.com/php-reference/php-mysqli-functions.php -> chapter Name:PHP MySQLi Functions
href:https://www.tutorialrepublic.com/css-reference/css-color-names.php -> chapter Name:CSS Color Names
href:https://www.tutorialrepublic.com/css-examples.php -> chapter Name:CSS Examples
href:https://www.tutorialrepublic.com/html-tutorial/ -> chapter Name:HTML Tutorial
href:https://www.tutorialrepublic.com/css-reference/css-animatable-properties.php -> chapter Name:CSS Animatable Properties
href:https://www.tutorialrepublic.com/php-reference/php-string-functions.php -> chapter Name:PHP String Functions
href:https://www.tutorialrepublic.com/javascript-tutorial/ -> chapter Name:JavaScript Tutorial
href:https://www.tutorialrepublic.com/twitter-bootstrap-examples.php -> chapter Name:Bootstrap Examples
href:https://www.tutorialrepublic.com/php-reference/php-calendar-functions.php -> chapter Name:PHP Calendar Functions
href:https://www.tutorialrepublic.com/jquery-examples.php -> chapter Name:jQuery Examples
href:https://www.tutorialrepublic.com/html-reference/html5-tags.php -> chapter Name:HTML Tags/Elements
href:https://www.tutorialrepublic.com/sql-tutorial/ -> chapter Name:SQL Tutorial
href:https://www.tutorialrepublic.com/css-reference/css-web-safe-fonts.php -> chapter Name:CSS Web Safe Fonts
href:https://www.tutorialrepublic.com/html-reference/html-color-picker.php -> chapter Name:HTML Color Picker
href:https://www.tutorialrepublic.com/html-examples.php -> chapter Name:HTML Examples
href:https://www.tutorialrepublic.com/html-reference/html5-global-attributes.php -> chapter Name:HTML Global Attributes
href:https://www.tutorialrepublic.com/css-tutorial/ -> chapter Name:CSS Tutorial
href:https://www.tutorialrepublic.com/html-reference/html-language-codes.php -> chapter Name:HTML Language Codes
href:https://www.tutorialrepublic.com/css-reference/css3-properties.php -> chapter Name:CSS Properties
href:https://www.tutorialrepublic.com/html-reference/html5-event-attributes.php -> chapter Name:HTML Event Attributes
href:https://www.tutorialrepublic.com/php-examples.php -> chapter Name:PHP Examples
href:https://www.tutorialrepublic.com/php-reference/php-date-and-time-functions.php -> chapter Name:PHP Date/Time Functions
href:https://www.tutorialrepublic.com/twitter-bootstrap-tutorial/ -> chapter Name:Bootstrap Tutorial
href:https://www.tutorialrepublic.com/php-reference/php-error-levels.php -> chapter Name:PHP Error Levels
href:https://www.tutorialrepublic.com/css-reference/css-color-values.php -> chapter Name:CSS Color Values
href:https://www.tutorialrepublic.com/php-reference/php-array-functions.php -> chapter Name:PHP Array Functions
href:https://www.tutorialrepublic.com/html-reference/html-character-entities.php -> chapter Name:HTML Character Entities
href:https://www.tutorialrepublic.com/php-tutorial/ -> chapter Name:PHP Tutorial
href:https://www.tutorialrepublic.com/css-reference/css-aural-properties.php -> chapter Name:CSS Aural Properties
35
15
]]></system-out>
    <system-err><![CDATA[Starting ChromeDriver 99.0.4844.51 (d537ec02474b5afe23684e7963d538896c63ac77-refs/branch-heads/4844@{#875}) on port 41363
Only local connections are allowed.
Please see https://chromedriver.chromium.org/security-considerations for suggestions on keeping ChromeDriver safe.
ChromeDriver was started successfully.
Mar 17, 2022 10:46:42 AM org.openqa.selenium.remote.ProtocolHandshake createSession
INFO: Detected dialect: W3C
]]></system-err>
  </testcase>
</testsuite>