<?xml version="1.0" encoding="UTF-8"?>
<testng-results ignored="2" total="3" passed="1" failed="0" skipped="0">
  <reporter-output>
  </reporter-output>
  <suite started-at="2022-03-21T21:13:17 IST" name="Tutorial Republic Smoke Suite" finished-at="2022-03-21T21:14:28 IST" duration-ms="70463">
    <groups>
    </groups>
    <test started-at="2022-03-21T21:13:17 IST" name="Tutorial Web Page Verification" finished-at="2022-03-21T21:14:28 IST" duration-ms="70463">
      <class name="app.tests.TutorialRepublicTest">
        <test-method is-config="true" signature="loadData()[pri:0, instance:app.tests.TutorialRepublicTest@3c0be339]" started-at="2022-03-21T21:13:17 IST" name="loadData" finished-at="2022-03-21T21:13:17 IST" duration-ms="22" status="PASS">
          <reporter-output>
          </reporter-output>
        </test-method> <!-- loadData -->
        <test-method is-config="true" signature="setup()[pri:0, instance:app.tests.TutorialRepublicTest@3c0be339]" started-at="2022-03-21T21:13:17 IST" name="setup" finished-at="2022-03-21T21:13:46 IST" duration-ms="29068" status="PASS">
          <reporter-output>
          </reporter-output>
        </test-method> <!-- setup -->
        <test-method signature="verifyTRWebPage()[pri:0, instance:app.tests.TutorialRepublicTest@3c0be339]" started-at="2022-03-21T21:13:46 IST" name="verifyTRWebPage" finished-at="2022-03-21T21:14:21 IST" duration-ms="34766" status="PASS">
          <reporter-output>
          </reporter-output>
        </test-method> <!-- verifyTRWebPage -->
        <test-method is-config="true" signature="tearDown()[pri:0, instance:app.tests.TutorialRepublicTest@3c0be339]" started-at="2022-03-21T21:14:21 IST" name="tearDown" finished-at="2022-03-21T21:14:28 IST" duration-ms="6484" status="PASS">
          <reporter-output>
          </reporter-output>
        </test-method> <!-- tearDown -->
      </class> <!-- app.tests.TutorialRepublicTest -->
    </test> <!-- Tutorial Web Page Verification -->
  </suite> <!-- Tutorial Republic Smoke Suite -->
</testng-results>
