<?xml version="1.0" encoding="UTF-8"?>
<!-- Generated by org.testng.reporters.JUnitXMLReporter -->
<testsuite ignored="2" hostname="WELCOME" failures="1" tests="1" name="Tutorial Web Page Verification" time="186.341" errors="0" timestamp="2022-03-17T10:49:44 IST">
  <testcase classname="app.tests.TutorialRepublicTest" name="verifyTRChapterList" time="174.711">
    <failure type="java.lang.AssertionError" message="Something went wrong. Chapter links are not working properly">
      <![CDATA[java.lang.AssertionError: Something went wrong. Chapter links are not working properly
at app.pages.TutorialRepublicWebPage.displayChapterLinks(TutorialRepublicWebPage.java:130)
at app.tests.TutorialRepublicTest.verifyTRChapterList(TutorialRepublicTest.java:61)
at java.base/java.util.ArrayList.forEach(ArrayList.java:1541)
... Removed 32 stack frames]]>
    </failure>
  </testcase> <!-- verifyTRChapterList -->
  <testcase classname="app.tests.TutorialRepublicTest" name="verifyEachMenu" time="0.0">
    <ignored/>
  </testcase> <!-- verifyEachMenu -->
  <testcase classname="app.tests.TutorialRepublicTest" name="verifyTRWebPage" time="0.0">
    <ignored/>
  </testcase> <!-- verifyTRWebPage -->
</testsuite> <!-- Tutorial Web Page Verification -->
