<?xml version="1.0" encoding="UTF-8"?>
<!-- Generated by org.testng.reporters.JUnitXMLReporter -->
<testsuite ignored="2" hostname="WELCOME" failures="0" tests="1" name="Tutorial Web Page Verification" time="70.463" errors="0" timestamp="2022-03-21T21:14:30 IST">
  <testcase classname="app.tests.TutorialRepublicTest" name="verifyTRWebPage" time="34.766"/>
  <testcase classname="app.tests.TutorialRepublicTest" name="verifyEachMenu" time="0.0">
    <ignored/>
  </testcase> <!-- verifyEachMenu -->
  <testcase classname="app.tests.TutorialRepublicTest" name="verifyTRChapterList" time="0.0">
    <ignored/>
  </testcase> <!-- verifyTRChapterList -->
</testsuite> <!-- Tutorial Web Page Verification -->
