<?xml version="1.0" encoding="UTF-8"?>
<testng-results ignored="0" total="1" passed="1" failed="0" skipped="0">
  <reporter-output>
  </reporter-output>
  <suite started-at="2022-03-15T23:24:25 IST" name="Default suite" finished-at="2022-03-15T23:24:42 IST" duration-ms="16972">
    <groups>
    </groups>
    <test started-at="2022-03-15T23:24:25 IST" name="Default test" finished-at="2022-03-15T23:24:42 IST" duration-ms="16972">
      <class name="app.tests.TutorialRepublicTest">
        <test-method is-config="true" signature="loadData()[pri:0, instance:app.tests.TutorialRepublicTest@55b53d44]" started-at="2022-03-15T23:24:25 IST" name="loadData" finished-at="2022-03-15T23:24:25 IST" duration-ms="55" status="PASS">
          <reporter-output>
          </reporter-output>
        </test-method> <!-- loadData -->
        <test-method is-config="true" signature="setup()[pri:0, instance:app.tests.TutorialRepublicTest@55b53d44]" started-at="2022-03-15T23:24:25 IST" name="setup" finished-at="2022-03-15T23:24:36 IST" duration-ms="10905" status="PASS">
          <reporter-output>
          </reporter-output>
        </test-method> <!-- setup -->
        <test-method signature="verifyTRWebPage()[pri:0, instance:app.tests.TutorialRepublicTest@55b53d44]" started-at="2022-03-15T23:24:36 IST" name="verifyTRWebPage" finished-at="2022-03-15T23:24:42 IST" duration-ms="5831" status="PASS">
          <reporter-output>
          </reporter-output>
        </test-method> <!-- verifyTRWebPage -->
        <test-method is-config="true" signature="tearDown()[pri:0, instance:app.tests.TutorialRepublicTest@55b53d44]" started-at="2022-03-15T23:24:36 IST" name="tearDown" finished-at="2022-03-15T23:24:36 IST" duration-ms="0" status="PASS">
          <reporter-output>
          </reporter-output>
        </test-method> <!-- tearDown -->
      </class> <!-- app.tests.TutorialRepublicTest -->
    </test> <!-- Default test -->
  </suite> <!-- Default suite -->
</testng-results>
